<?xml version="1.0" encoding="UTF-8"?>
<testsuite name="com.waylau.spring.boot.blog.initializrstart.InitializrStartApplicationTests" tests="1" skipped="0" failures="0" errors="0" timestamp="2019-04-09T11:28:30" hostname="DESKTOP-204E5SC" time="0.052">
  <properties/>
  <testcase name="contextLoads" classname="com.waylau.spring.boot.blog.initializrstart.InitializrStartApplicationTests" time="0.052"/>
  <system-out><![CDATA[19:28:27.537 [Test worker] DEBUG org.springframework.test.context.junit4.SpringJUnit4ClassRunner - SpringJUnit4ClassRunner constructor called with [class com.waylau.spring.boot.blog.initializrstart.InitializrStartApplicationTests]
19:28:27.543 [Test worker] DEBUG org.springframework.test.context.BootstrapUtils - Instantiating CacheAwareContextLoaderDelegate from class [org.springframework.test.context.cache.DefaultCacheAwareContextLoaderDelegate]
19:28:27.554 [Test worker] DEBUG org.springframework.test.context.BootstrapUtils - Instantiating BootstrapContext using constructor [public org.springframework.test.context.support.DefaultBootstrapContext(java.lang.Class,org.springframework.test.context.CacheAwareContextLoaderDelegate)]
19:28:27.572 [Test worker] DEBUG org.springframework.test.context.BootstrapUtils - Instantiating TestContextBootstrapper for test class [com.waylau.spring.boot.blog.initializrstart.InitializrStartApplicationTests] from class [org.springframework.boot.test.context.SpringBootTestContextBootstrapper]
19:28:27.588 [Test worker] INFO org.springframework.boot.test.context.SpringBootTestContextBootstrapper - Neither @ContextConfiguration nor @ContextHierarchy found for test class [com.waylau.spring.boot.blog.initializrstart.InitializrStartApplicationTests], using SpringBootContextLoader
19:28:27.592 [Test worker] DEBUG org.springframework.test.context.support.AbstractContextLoader - Did not detect default resource location for test class [com.waylau.spring.boot.blog.initializrstart.InitializrStartApplicationTests]: class path resource [com/waylau/spring/boot/blog/initializrstart/InitializrStartApplicationTests-context.xml] does not exist
19:28:27.593 [Test worker] DEBUG org.springframework.test.context.support.AbstractContextLoader - Did not detect default resource location for test class [com.waylau.spring.boot.blog.initializrstart.InitializrStartApplicationTests]: class path resource [com/waylau/spring/boot/blog/initializrstart/InitializrStartApplicationTestsContext.groovy] does not exist
19:28:27.593 [Test worker] INFO org.springframework.test.context.support.AbstractContextLoader - Could not detect default resource locations for test class [com.waylau.spring.boot.blog.initializrstart.InitializrStartApplicationTests]: no resource found for suffixes {-context.xml, Context.groovy}.
19:28:27.594 [Test worker] INFO org.springframework.test.context.support.AnnotationConfigContextLoaderUtils - Could not detect default configuration classes for test class [com.waylau.spring.boot.blog.initializrstart.InitializrStartApplicationTests]: InitializrStartApplicationTests does not declare any static, non-private, non-final, nested classes annotated with @Configuration.
19:28:27.636 [Test worker] DEBUG org.springframework.test.context.support.ActiveProfilesUtils - Could not find an 'annotation declaring class' for annotation type [org.springframework.test.context.ActiveProfiles] and class [com.waylau.spring.boot.blog.initializrstart.InitializrStartApplicationTests]
19:28:27.645 [Test worker] DEBUG org.springframework.core.env.StandardEnvironment - Adding PropertySource 'systemProperties' with lowest search precedence
19:28:27.646 [Test worker] DEBUG org.springframework.core.env.StandardEnvironment - Adding PropertySource 'systemEnvironment' with lowest search precedence
19:28:27.646 [Test worker] DEBUG org.springframework.core.env.StandardEnvironment - Initialized StandardEnvironment with PropertySources [MapPropertySource@1233636461 {name='systemProperties', properties={java.runtime.name=Java(TM) SE Runtime Environment, sun.boot.library.path=C:\Program Files\Java\jdk1.8.0_181\jre\bin, java.vm.version=25.181-b13, java.vm.vendor=Oracle Corporation, java.vendor.url=http://java.oracle.com/, path.separator=;, java.vm.name=Java HotSpot(TM) 64-Bit Server VM, file.encoding.pkg=sun.io, user.script=, sun.java.launcher=SUN_STANDARD, user.country=CN, sun.os.patch.level=, java.vm.specification.name=Java Virtual Machine Specification, user.dir=E:\spring\initializr-start\initializr-start, java.runtime.version=1.8.0_181-b13, java.awt.graphicsenv=sun.awt.Win32GraphicsEnvironment, java.endorsed.dirs=C:\Program Files\Java\jdk1.8.0_181\jre\lib\endorsed, os.arch=amd64, java.io.tmpdir=C:\Users\CHENG\AppData\Local\Temp\, line.separator=
, java.vm.specification.vendor=Oracle Corporation, user.variant=, os.name=Windows 10, sun.jnu.encoding=GBK, java.library.path=C:\Program Files\Java\jdk1.8.0_181\bin;C:\Windows\Sun\Java\bin;C:\Windows\system32;C:\Windows;C:\Program Files\Microsoft MPI\Bin\;C:\Program Files (x86)\Common Files\Oracle\Java\javapath;C:\ProgramData\Oracle\Java\javapath;C:\Windows\system32;C:\Windows;C:\Windows\System32\Wbem;C:\Windows\System32\WindowsPowerShell\v1.0\;C:\Windows\System32\OpenSSH\;E:\vs code\Microsoft VS Code\bin;％JAVA_HOME％\bin;％;AVA_HOME％\jre1.8.0_181\bin;;CATALINA_HOME％\bin;;:\SQL\共享目录\140\Tools\Binn\;F:\;QL\功能目录\140\Tools\Binn\;F:\;QL\共享目录\140\DTS\Binn\;F:\;QL\功能目录\140\DTS\Binn\;F:\;QL\功能目录\Client SDK\ODBC\130\Tools\Binn\;C:\;rogram Files\MySQL\MySQL Utilities 1.6\;E:\GIT\Git\cmd;C:\Program Files\PuTTY\;C:\Users\CHENG\AppData\Local\Programs\Python\Python36\Scripts\;C:\Users\CHENG\AppData\Local\Programs\Python\Python36\;C:\Users\CHENG\AppData\Local\Microsoft\WindowsApps;C:\Program Files\Java\jdk1.8.0_181\bin;C:\Program Files\Java\jre1.8.0_181\bin;"C:\Program Files\Java\jdk1.8.0_181\bin;C:\Program Files\Java\jdk1.8.0_181\jre\bin";E:\ideA\MAVEN\apache-maven-3.6.0\bin;;., java.specification.name=Java Platform API Specification, java.class.version=52.0, sun.management.compiler=HotSpot 64-Bit Tiered Compilers, os.version=10.0, user.home=C:\Users\CHENG, user.timezone=Asia/Shanghai, java.awt.printerjob=sun.awt.windows.WPrinterJob, file.encoding=GBK, java.specification.version=1.8, java.class.path=E:\spring\initializr-start\initializr-start\build\classes\test;E:\spring\initializr-start\initializr-start\build\resources\test;E:\spring\initializr-start\initializr-start\build\classes\main;E:\spring\initializr-start\initializr-start\build\resources\main;F:\.gradle\caches\modules-2\files-2.1\org.springframework.boot\spring-boot-starter-web\1.5.20.RELEASE\5751786b2e95bddeef27d35cca1466c0745990e7\spring-boot-starter-web-1.5.20.RELEASE.jar;F:\.gradle\caches\modules-2\files-2.1\org.springframework.boot\spring-boot-starter-test\1.5.20.RELEASE\52c2774ba07063dabd1bc1fa05ab782d2fc6ed1b\spring-boot-starter-test-1.5.20.RELEASE.jar;F:\.gradle\caches\modules-2\files-2.1\org.springframework.boot\spring-boot-starter\1.5.20.RELEASE\602a4163289723df91bced7071fab34a06e92360\spring-boot-starter-1.5.20.RELEASE.jar;F:\.gradle\caches\modules-2\files-2.1\org.springframework.boot\spring-boot-starter-tomcat\1.5.20.RELEASE\a52c207f3b0299803adb31b156a83bef3a26151\spring-boot-starter-tomcat-1.5.20.RELEASE.jar;F:\.gradle\caches\modules-2\files-2.1\org.hibernate\hibernate-validator\5.3.6.Final\4c730be8bf55a8e9a61e79a2f2c079abf48b718\hibernate-validator-5.3.6.Final.jar;F:\.gradle\caches\modules-2\files-2.1\com.fasterxml.jackson.core\jackson-databind\2.8.11.3\844df5aba5a1a56e00905b165b12bb34116ee858\jackson-databind-2.8.11.3.jar;F:\.gradle\caches\modules-2\files-2.1\org.springframework\spring-web\4.3.23.RELEASE\7690431d7f2175a8a825997b38d1433560d1a434\spring-web-4.3.23.RELEASE.jar;F:\.gradle\caches\modules-2\files-2.1\org.springframework\spring-webmvc\4.3.23.RELEASE\6d42a48caf307b1a57cec4c02549537b55073f18\spring-webmvc-4.3.23.RELEASE.jar;F:\.gradle\caches\modules-2\files-2.1\org.springframework.boot\spring-boot-test\1.5.20.RELEASE\59922573f51a2ddabe1759c177a149ca9efbae93\spring-boot-test-1.5.20.RELEASE.jar;F:\.gradle\caches\modules-2\files-2.1\org.springframework.boot\spring-boot-test-autoconfigure\1.5.20.RELEASE\f8cad2caf39810473a77361fff3aa274b4cf6ad1\spring-boot-test-autoconfigure-1.5.20.RELEASE.jar;F:\.gradle\caches\modules-2\files-2.1\com.jayway.jsonpath\json-path\2.2.0\22290d17944bd239fabf5ac69005a60a7ecbbbcb\json-path-2.2.0.jar;F:\.gradle\caches\modules-2\files-2.1\junit\junit\4.12\2973d150c0dc1fefe998f834810d68f278ea58ec\junit-4.12.jar;F:\.gradle\caches\modules-2\files-2.1\org.assertj\assertj-core\2.6.0\b532c3fc4f66bcfee4989a3514f1cd56203a33ad\assertj-core-2.6.0.jar;F:\.gradle\caches\modules-2\files-2.1\org.mockito\mockito-core\1.10.19\e8546f5bef4e061d8dd73895b4e8f40e3fe6effe\mockito-core-1.10.19.jar;F:\.gradle\caches\modules-2\files-2.1\org.hamcrest\hamcrest-core\1.3\42a25dc3219429f0e5d060061f71acb49bf010a0\hamcrest-core-1.3.jar;F:\.gradle\caches\modules-2\files-2.1\org.hamcrest\hamcrest-library\1.3\4785a3c21320980282f9f33d0d1264a69040538f\hamcrest-library-1.3.jar;F:\.gradle\caches\modules-2\files-2.1\org.skyscreamer\jsonassert\1.4.0\9cdbb373a06f6513e51e8c545ee6a5e981463edb\jsonassert-1.4.0.jar;F:\.gradle\caches\modules-2\files-2.1\org.springframework\spring-core\4.3.23.RELEASE\1481429d44ea0deca1d8b9d6d5e948cb7f063bdb\spring-core-4.3.23.RELEASE.jar;F:\.gradle\caches\modules-2\files-2.1\org.springframework\spring-test\4.3.23.RELEASE\fb5a41e62dc86ca11f666691e13ea0b5573f20b4\spring-test-4.3.23.RELEASE.jar;F:\.gradle\caches\modules-2\files-2.1\org.springframework.boot\spring-boot\1.5.20.RELEASE\84bee8c6db49062055258bdb156d0b7e5c09e166\spring-boot-1.5.20.RELEASE.jar;F:\.gradle\caches\modules-2\files-2.1\org.springframework.boot\spring-boot-autoconfigure\1.5.20.RELEASE\a122b1c774b79d3ae87c68d5aade34dee29d31a7\spring-boot-autoconfigure-1.5.20.RELEASE.jar;F:\.gradle\caches\modules-2\files-2.1\org.springframework.boot\spring-boot-starter-logging\1.5.20.RELEASE\523dc4417bb4f1c2aec4ba206ea699e027db9a8c\spring-boot-starter-logging-1.5.20.RELEASE.jar;F:\.gradle\caches\modules-2\files-2.1\org.yaml\snakeyaml\1.17\7a27ea250c5130b2922b86dea63cbb1cc10a660c\snakeyaml-1.17.jar;F:\.gradle\caches\modules-2\files-2.1\org.apache.tomcat.embed\tomcat-embed-core\8.5.39\4d9de8c6e2894e290e8563c44c650f3ea71266db\tomcat-embed-core-8.5.39.jar;F:\.gradle\caches\modules-2\files-2.1\org.apache.tomcat.embed\tomcat-embed-el\8.5.39\a2179cbbcfeaa9a2321f34f086ad8b5682137bdd\tomcat-embed-el-8.5.39.jar;F:\.gradle\caches\modules-2\files-2.1\org.apache.tomcat.embed\tomcat-embed-websocket\8.5.39\ef8346273e26fa014c4c1be7cdfc945de312c5e\tomcat-embed-websocket-8.5.39.jar;F:\.gradle\caches\modules-2\files-2.1\javax.validation\validation-api\1.1.0.Final\8613ae82954779d518631e05daa73a6a954817d5\validation-api-1.1.0.Final.jar;F:\.gradle\caches\modules-2\files-2.1\org.jboss.logging\jboss-logging\3.3.2.Final\3789d00e859632e6c6206adc0c71625559e6e3b0\jboss-logging-3.3.2.Final.jar;F:\.gradle\caches\modules-2\files-2.1\com.fasterxml\classmate\1.3.4\3d5f48f10bbe4eb7bd862f10c0583be2e0053c6\classmate-1.3.4.jar;F:\.gradle\caches\modules-2\files-2.1\com.fasterxml.jackson.core\jackson-annotations\2.8.0\45b426f7796b741035581a176744d91090e2e6fb\jackson-annotations-2.8.0.jar;F:\.gradle\caches\modules-2\files-2.1\com.fasterxml.jackson.core\jackson-core\2.8.11\876ead1db19f0c9e79c9789273a3ef8c6fd6c29b\jackson-core-2.8.11.jar;F:\.gradle\caches\modules-2\files-2.1\org.springframework\spring-aop\4.3.23.RELEASE\f49489bf0774db690f85588cab86d943069704bd\spring-aop-4.3.23.RELEASE.jar;F:\.gradle\caches\modules-2\files-2.1\org.springframework\spring-beans\4.3.23.RELEASE\27570e1d493f636c910191004f822e756a9df871\spring-beans-4.3.23.RELEASE.jar;F:\.gradle\caches\modules-2\files-2.1\org.springframework\spring-context\4.3.23.RELEASE\337d1030cb7abeeb28618b01dab7250a90d77151\spring-context-4.3.23.RELEASE.jar;F:\.gradle\caches\modules-2\files-2.1\org.springframework\spring-expression\4.3.23.RELEASE\cebdf400b3c820220deb868a84bce627eb8ad18c\spring-expression-4.3.23.RELEASE.jar;F:\.gradle\caches\modules-2\files-2.1\net.minidev\json-smart\2.2.1\5b9e5df7a62d1279b70dc882b041d249c4f0b002\json-smart-2.2.1.jar;F:\.gradle\caches\modules-2\files-2.1\org.slf4j\slf4j-api\1.7.26\77100a62c2e6f04b53977b9f541044d7d722693d\slf4j-api-1.7.26.jar;F:\.gradle\caches\modules-2\files-2.1\org.objenesis\objenesis\2.1\87c0ea803b69252868d09308b4618f766f135a96\objenesis-2.1.jar;F:\.gradle\caches\modules-2\files-2.1\com.vaadin.external.google\android-json\0.0.20131108.vaadin1\fa26d351fe62a6a17f5cda1287c1c6110dec413f\android-json-0.0.20131108.vaadin1.jar;F:\.gradle\caches\modules-2\files-2.1\ch.qos.logback\logback-classic\1.1.11\ccedfbacef4a6515d2983e3f89ed753d5d4fb665\logback-classic-1.1.11.jar;F:\.gradle\caches\modules-2\files-2.1\org.slf4j\jcl-over-slf4j\1.7.26\33fbc2d93de829fa5e263c5ce97f5eab8f57d53e\jcl-over-slf4j-1.7.26.jar;F:\.gradle\caches\modules-2\files-2.1\org.slf4j\jul-to-slf4j\1.7.26\8031352b2bb0a49e67818bf04c027aa92e645d5c\jul-to-slf4j-1.7.26.jar;F:\.gradle\caches\modules-2\files-2.1\org.slf4j\log4j-over-slf4j\1.7.26\daeb21c5e35d77d550e721c4cf5aaa716496d31a\log4j-over-slf4j-1.7.26.jar;F:\.gradle\caches\modules-2\files-2.1\org.apache.tomcat\tomcat-annotations-api\8.5.39\3f412a04b152e2837f783079661b85f1af640dbf\tomcat-annotations-api-8.5.39.jar;F:\.gradle\caches\modules-2\files-2.1\net.minidev\accessors-smart\1.1\a527213f2fea112a04c9bdf0ec0264e34104cd08\accessors-smart-1.1.jar;F:\.gradle\caches\modules-2\files-2.1\ch.qos.logback\logback-core\1.1.11\88b8df40340eed549fb07e2613879bf6b006704d\logback-core-1.1.11.jar;F:\.gradle\caches\modules-2\files-2.1\org.ow2.asm\asm\5.0.3\dcc2193db20e19e1feca8b1240dbbc4e190824fa\asm-5.0.3.jar, user.name=CHENG, java.vm.specification.version=1.8, sun.java.command=worker.org.gradle.process.internal.worker.GradleWorkerMain 'Gradle Test Executor 1', java.home=C:\Program Files\Java\jdk1.8.0_181\jre, sun.arch.data.model=64, user.language=zh, java.specification.vendor=Oracle Corporation, awt.toolkit=sun.awt.windows.WToolkit, java.vm.info=mixed mode, java.version=1.8.0_181, java.ext.dirs=C:\Program Files\Java\jdk1.8.0_181\jre\lib\ext;C:\Windows\Sun\Java\lib\ext, sun.boot.class.path=C:\Program Files\Java\jdk1.8.0_181\jre\lib\resources.jar;C:\Program Files\Java\jdk1.8.0_181\jre\lib\rt.jar;C:\Program Files\Java\jdk1.8.0_181\jre\lib\sunrsasign.jar;C:\Program Files\Java\jdk1.8.0_181\jre\lib\jsse.jar;C:\Program Files\Java\jdk1.8.0_181\jre\lib\jce.jar;C:\Program Files\Java\jdk1.8.0_181\jre\lib\charsets.jar;C:\Program Files\Java\jdk1.8.0_181\jre\lib\jfr.jar;C:\Program Files\Java\jdk1.8.0_181\jre\classes, java.vendor=Oracle Corporation, org.gradle.test.worker=1, file.separator=\, java.vendor.url.bug=http://bugreport.sun.com/bugreport/, sun.io.unicode.encoding=UnicodeLittle, sun.cpu.endian=little, sun.desktop=windows, sun.cpu.isalist=amd64}}, SystemEnvironmentPropertySource@1004931282 {name='systemEnvironment', properties={USERDOMAIN_ROAMINGPROFILE=DESKTOP-204E5SC, LOCALAPPDATA=C:\Users\CHENG\AppData\Local, MSMPI_BIN=C:\Program Files\Microsoft MPI\Bin\, PROCESSOR_LEVEL=6, USERDOMAIN=DESKTOP-204E5SC, LOGONSERVER=\\DESKTOP-204E5SC, JAVA_HOME=C:\Program Files\Java\jdk1.8.0_181, SESSIONNAME=Console, ALLUSERSPROFILE=C:\ProgramData, PROCESSOR_ARCHITECTURE=AMD64, PSModulePath=C:\Program Files\WindowsPowerShell\Modules;C:\Windows\system32\WindowsPowerShell\v1.0\Modules;F:\SQL\共享目录\140\Tools\PowerShell\Modules\, SystemDrive=C:, CATALINA_BASE=C:\Program Files\Tomcat, OneDrive=C:\Users\CHENG\OneDrive, APPDATA=C:\Users\CHENG\AppData\Roaming, USERNAME=CHENG, TOMCAT_HOME=C:\Program Files\Tomcat, ProgramFiles(x86)=C:\Program Files (x86), CommonProgramFiles=C:\Program Files\Common Files, Path=C:\Program Files\Microsoft MPI\Bin\;C:\Program Files (x86)\Common Files\Oracle\Java\javapath;C:\ProgramData\Oracle\Java\javapath;C:\Windows\system32;C:\Windows;C:\Windows\System32\Wbem;C:\Windows\System32\WindowsPowerShell\v1.0\;C:\Windows\System32\OpenSSH\;E:\vs code\Microsoft VS Code\bin;％JAVA_HOME％\bin;％;AVA_HOME％\jre1.8.0_181\bin;;CATALINA_HOME％\bin;;:\SQL\共享目录\140\Tools\Binn\;F:\;QL\功能目录\140\Tools\Binn\;F:\;QL\共享目录\140\DTS\Binn\;F:\;QL\功能目录\140\DTS\Binn\;F:\;QL\功能目录\Client SDK\ODBC\130\Tools\Binn\;C:\;rogram Files\MySQL\MySQL Utilities 1.6\;E:\GIT\Git\cmd;C:\Program Files\PuTTY\;C:\Users\CHENG\AppData\Local\Programs\Python\Python36\Scripts\;C:\Users\CHENG\AppData\Local\Programs\Python\Python36\;C:\Users\CHENG\AppData\Local\Microsoft\WindowsApps;C:\Program Files\Java\jdk1.8.0_181\bin;C:\Program Files\Java\jre1.8.0_181\bin;"C:\Program Files\Java\jdk1.8.0_181\bin;C:\Program Files\Java\jdk1.8.0_181\jre\bin";E:\ideA\MAVEN\apache-maven-3.6.0\bin;, PATHEXT=.COM;.EXE;.BAT;.CMD;.VBS;.VBE;.JS;.JSE;.WSF;.WSH;.MSC, DriverData=C:\Windows\System32\Drivers\DriverData, OS=Windows_NT, COMPUTERNAME=DESKTOP-204E5SC, CATALINA_HOME=C:\Program Files\Tomcat, PROCESSOR_REVISION=3a09, CommonProgramW6432=C:\Program Files\Common Files, ComSpec=C:\Windows\system32\cmd.exe, ProgramData=C:\ProgramData, CLASS_PATH=.;％CATALINA_HOME％\lib\servlet-api.jar;％JAVA_HOME％\ lib\dt.jar;％JAVA_HOME％\lib\tools.jar, ProgramW6432=C:\Program Files, HOMEPATH=\Users\CHENG, SystemRoot=C:\Windows, TEMP=C:\Users\CHENG\AppData\Local\Temp, HOMEDRIVE=C:, PROCESSOR_IDENTIFIER=Intel64 Family 6 Model 58 Stepping 9, GenuineIntel, USERPROFILE=C:\Users\CHENG, TMP=C:\Users\CHENG\AppData\Local\Temp, M2_HOME=E:\ideA\MAVEN\apache-maven-3.6.0, CommonProgramFiles(x86)=C:\Program Files (x86)\Common Files, ProgramFiles=C:\Program Files, PUBLIC=C:\Users\Public, NUMBER_OF_PROCESSORS=8, windir=C:\Windows, =::=::\}}]
19:28:27.662 [Test worker] DEBUG org.springframework.core.io.support.PathMatchingResourcePatternResolver - Resolved classpath location [com/waylau/spring/boot/blog/initializrstart/] to resources [URL [file:/E:/spring/initializr-start/initializr-start/build/classes/test/com/waylau/spring/boot/blog/initializrstart/], URL [file:/E:/spring/initializr-start/initializr-start/build/classes/main/com/waylau/spring/boot/blog/initializrstart/]]
19:28:27.663 [Test worker] DEBUG org.springframework.core.io.support.PathMatchingResourcePatternResolver - Looking for matching resources in directory tree [E:\spring\initializr-start\initializr-start\build\classes\test\com\waylau\spring\boot\blog\initializrstart]
19:28:27.663 [Test worker] DEBUG org.springframework.core.io.support.PathMatchingResourcePatternResolver - Searching directory [E:\spring\initializr-start\initializr-start\build\classes\test\com\waylau\spring\boot\blog\initializrstart] for files matching pattern [E:/spring/initializr-start/initializr-start/build/classes/test/com/waylau/spring/boot/blog/initializrstart/*.class]
19:28:27.666 [Test worker] DEBUG org.springframework.core.io.support.PathMatchingResourcePatternResolver - Looking for matching resources in directory tree [E:\spring\initializr-start\initializr-start\build\classes\main\com\waylau\spring\boot\blog\initializrstart]
19:28:27.667 [Test worker] DEBUG org.springframework.core.io.support.PathMatchingResourcePatternResolver - Searching directory [E:\spring\initializr-start\initializr-start\build\classes\main\com\waylau\spring\boot\blog\initializrstart] for files matching pattern [E:/spring/initializr-start/initializr-start/build/classes/main/com/waylau/spring/boot/blog/initializrstart/*.class]
19:28:27.667 [Test worker] DEBUG org.springframework.core.io.support.PathMatchingResourcePatternResolver - Resolved location pattern [classpath*:com/waylau/spring/boot/blog/initializrstart/*.class] to resources [file [E:\spring\initializr-start\initializr-start\build\classes\test\com\waylau\spring\boot\blog\initializrstart\InitializrStartApplicationTests.class], file [E:\spring\initializr-start\initializr-start\build\classes\main\com\waylau\spring\boot\blog\initializrstart\Application.class]]
19:28:27.717 [Test worker] DEBUG org.springframework.context.annotation.ClassPathScanningCandidateComponentProvider - Identified candidate component class: file [E:\spring\initializr-start\initializr-start\build\classes\main\com\waylau\spring\boot\blog\initializrstart\Application.class]
19:28:27.718 [Test worker] INFO org.springframework.boot.test.context.SpringBootTestContextBootstrapper - Found @SpringBootConfiguration com.waylau.spring.boot.blog.initializrstart.Application for test class com.waylau.spring.boot.blog.initializrstart.InitializrStartApplicationTests
19:28:27.726 [Test worker] DEBUG org.springframework.boot.test.context.SpringBootTestContextBootstrapper - @TestExecutionListeners is not present for class [com.waylau.spring.boot.blog.initializrstart.InitializrStartApplicationTests]: using defaults.
19:28:27.730 [Test worker] INFO org.springframework.boot.test.context.SpringBootTestContextBootstrapper - Loaded default TestExecutionListener class names from location [META-INF/spring.factories]: [org.springframework.boot.test.mock.mockito.MockitoTestExecutionListener, org.springframework.boot.test.mock.mockito.ResetMocksTestExecutionListener, org.springframework.boot.test.autoconfigure.restdocs.RestDocsTestExecutionListener, org.springframework.boot.test.autoconfigure.web.client.MockRestServiceServerResetTestExecutionListener, org.springframework.boot.test.autoconfigure.web.servlet.MockMvcPrintOnlyOnFailureTestExecutionListener, org.springframework.boot.test.autoconfigure.web.servlet.WebDriverTestExecutionListener, org.springframework.test.context.web.ServletTestExecutionListener, org.springframework.test.context.support.DirtiesContextBeforeModesTestExecutionListener, org.springframework.test.context.support.DependencyInjectionTestExecutionListener, org.springframework.test.context.support.DirtiesContextTestExecutionListener, org.springframework.test.context.transaction.TransactionalTestExecutionListener, org.springframework.test.context.jdbc.SqlScriptsTestExecutionListener]
19:28:27.745 [Test worker] DEBUG org.springframework.boot.test.context.SpringBootTestContextBootstrapper - Could not instantiate TestExecutionListener [org.springframework.test.context.transaction.TransactionalTestExecutionListener]. Specify custom listener classes or make the default listener classes (and their required dependencies) available. Offending class: [org/springframework/transaction/interceptor/TransactionAttributeSource]
19:28:27.746 [Test worker] DEBUG org.springframework.boot.test.context.SpringBootTestContextBootstrapper - Could not instantiate TestExecutionListener [org.springframework.test.context.jdbc.SqlScriptsTestExecutionListener]. Specify custom listener classes or make the default listener classes (and their required dependencies) available. Offending class: [org/springframework/transaction/interceptor/TransactionAttribute]
19:28:27.746 [Test worker] INFO org.springframework.boot.test.context.SpringBootTestContextBootstrapper - Using TestExecutionListeners: [org.springframework.test.context.web.ServletTestExecutionListener@6d2ecf65, org.springframework.test.context.support.DirtiesContextBeforeModesTestExecutionListener@73115304, org.springframework.boot.test.mock.mockito.MockitoTestExecutionListener@788c6d9, org.springframework.boot.test.autoconfigure.SpringBootDependencyInjectionTestExecutionListener@43861c0f, org.springframework.test.context.support.DirtiesContextTestExecutionListener@58c8b6fd, org.springframework.boot.test.mock.mockito.ResetMocksTestExecutionListener@21b85793, org.springframework.boot.test.autoconfigure.restdocs.RestDocsTestExecutionListener@60c7e373, org.springframework.boot.test.autoconfigure.web.client.MockRestServiceServerResetTestExecutionListener@1352fd00, org.springframework.boot.test.autoconfigure.web.servlet.MockMvcPrintOnlyOnFailureTestExecutionListener@eb0dec9, org.springframework.boot.test.autoconfigure.web.servlet.WebDriverTestExecutionListener@6d570443]
19:28:27.749 [Test worker] DEBUG org.springframework.test.annotation.ProfileValueUtils - Retrieved @ProfileValueSourceConfiguration [null] for test class [com.waylau.spring.boot.blog.initializrstart.InitializrStartApplicationTests]
19:28:27.750 [Test worker] DEBUG org.springframework.test.annotation.ProfileValueUtils - Retrieved ProfileValueSource type [class org.springframework.test.annotation.SystemProfileValueSource] for class [com.waylau.spring.boot.blog.initializrstart.InitializrStartApplicationTests]
19:28:27.750 [Test worker] DEBUG org.springframework.test.annotation.ProfileValueUtils - Retrieved @ProfileValueSourceConfiguration [null] for test class [com.waylau.spring.boot.blog.initializrstart.InitializrStartApplicationTests]
19:28:27.750 [Test worker] DEBUG org.springframework.test.annotation.ProfileValueUtils - Retrieved ProfileValueSource type [class org.springframework.test.annotation.SystemProfileValueSource] for class [com.waylau.spring.boot.blog.initializrstart.InitializrStartApplicationTests]
19:28:27.755 [Test worker] DEBUG org.springframework.test.context.support.AbstractDirtiesContextTestExecutionListener - Before test class: context [DefaultTestContext@79ea4ce6 testClass = InitializrStartApplicationTests, testInstance = [null], testMethod = [null], testException = [null], mergedContextConfiguration = [WebMergedContextConfiguration@55141d54 testClass = InitializrStartApplicationTests, locations = '{}', classes = '{class com.waylau.spring.boot.blog.initializrstart.Application}', contextInitializerClasses = '[]', activeProfiles = '{}', propertySourceLocations = '{}', propertySourceProperties = '{org.springframework.boot.test.context.SpringBootTestContextBootstrapper=true}', contextCustomizers = set[org.springframework.boot.test.context.SpringBootTestContextCustomizer@3fabbe58, org.springframework.boot.test.context.filter.ExcludeFilterContextCustomizer@5cafa78c, org.springframework.boot.test.json.DuplicateJsonObjectContextCustomizerFactory$DuplicateJsonObjectContextCustomizer@3ed7807d, org.springframework.boot.test.mock.mockito.MockitoContextCustomizer@0, org.springframework.boot.test.autoconfigure.properties.PropertyMappingContextCustomizer@0, org.springframework.boot.test.autoconfigure.web.servlet.WebDriverContextCustomizerFactory$Customizer@69de9559], resourceBasePath = 'src/main/webapp', contextLoader = 'org.springframework.boot.test.context.SpringBootContextLoader', parent = [null]]], class annotated with @DirtiesContext [false] with mode [null].
19:28:27.756 [Test worker] DEBUG org.springframework.test.annotation.ProfileValueUtils - Retrieved @ProfileValueSourceConfiguration [null] for test class [com.waylau.spring.boot.blog.initializrstart.InitializrStartApplicationTests]
19:28:27.756 [Test worker] DEBUG org.springframework.test.annotation.ProfileValueUtils - Retrieved ProfileValueSource type [class org.springframework.test.annotation.SystemProfileValueSource] for class [com.waylau.spring.boot.blog.initializrstart.InitializrStartApplicationTests]
19:28:27.819 [Test worker] DEBUG org.springframework.core.env.StandardEnvironment - Adding PropertySource 'systemProperties' with lowest search precedence
19:28:27.820 [Test worker] DEBUG org.springframework.core.env.StandardEnvironment - Adding PropertySource 'systemEnvironment' with lowest search precedence
19:28:27.820 [Test worker] DEBUG org.springframework.core.env.StandardEnvironment - Initialized StandardEnvironment with PropertySources [MapPropertySource@1363517003 {name='systemProperties', properties={java.runtime.name=Java(TM) SE Runtime Environment, sun.boot.library.path=C:\Program Files\Java\jdk1.8.0_181\jre\bin, java.vm.version=25.181-b13, java.vm.vendor=Oracle Corporation, java.vendor.url=http://java.oracle.com/, path.separator=;, java.vm.name=Java HotSpot(TM) 64-Bit Server VM, file.encoding.pkg=sun.io, user.script=, sun.java.launcher=SUN_STANDARD, user.country=CN, sun.os.patch.level=, java.vm.specification.name=Java Virtual Machine Specification, user.dir=E:\spring\initializr-start\initializr-start, java.runtime.version=1.8.0_181-b13, java.awt.graphicsenv=sun.awt.Win32GraphicsEnvironment, java.endorsed.dirs=C:\Program Files\Java\jdk1.8.0_181\jre\lib\endorsed, os.arch=amd64, java.io.tmpdir=C:\Users\CHENG\AppData\Local\Temp\, line.separator=
, java.vm.specification.vendor=Oracle Corporation, user.variant=, os.name=Windows 10, sun.jnu.encoding=GBK, java.library.path=C:\Program Files\Java\jdk1.8.0_181\bin;C:\Windows\Sun\Java\bin;C:\Windows\system32;C:\Windows;C:\Program Files\Microsoft MPI\Bin\;C:\Program Files (x86)\Common Files\Oracle\Java\javapath;C:\ProgramData\Oracle\Java\javapath;C:\Windows\system32;C:\Windows;C:\Windows\System32\Wbem;C:\Windows\System32\WindowsPowerShell\v1.0\;C:\Windows\System32\OpenSSH\;E:\vs code\Microsoft VS Code\bin;％JAVA_HOME％\bin;％;AVA_HOME％\jre1.8.0_181\bin;;CATALINA_HOME％\bin;;:\SQL\共享目录\140\Tools\Binn\;F:\;QL\功能目录\140\Tools\Binn\;F:\;QL\共享目录\140\DTS\Binn\;F:\;QL\功能目录\140\DTS\Binn\;F:\;QL\功能目录\Client SDK\ODBC\130\Tools\Binn\;C:\;rogram Files\MySQL\MySQL Utilities 1.6\;E:\GIT\Git\cmd;C:\Program Files\PuTTY\;C:\Users\CHENG\AppData\Local\Programs\Python\Python36\Scripts\;C:\Users\CHENG\AppData\Local\Programs\Python\Python36\;C:\Users\CHENG\AppData\Local\Microsoft\WindowsApps;C:\Program Files\Java\jdk1.8.0_181\bin;C:\Program Files\Java\jre1.8.0_181\bin;"C:\Program Files\Java\jdk1.8.0_181\bin;C:\Program Files\Java\jdk1.8.0_181\jre\bin";E:\ideA\MAVEN\apache-maven-3.6.0\bin;;., java.specification.name=Java Platform API Specification, java.class.version=52.0, sun.management.compiler=HotSpot 64-Bit Tiered Compilers, os.version=10.0, user.home=C:\Users\CHENG, user.timezone=Asia/Shanghai, java.awt.printerjob=sun.awt.windows.WPrinterJob, file.encoding=GBK, java.specification.version=1.8, java.class.path=E:\spring\initializr-start\initializr-start\build\classes\test;E:\spring\initializr-start\initializr-start\build\resources\test;E:\spring\initializr-start\initializr-start\build\classes\main;E:\spring\initializr-start\initializr-start\build\resources\main;F:\.gradle\caches\modules-2\files-2.1\org.springframework.boot\spring-boot-starter-web\1.5.20.RELEASE\5751786b2e95bddeef27d35cca1466c0745990e7\spring-boot-starter-web-1.5.20.RELEASE.jar;F:\.gradle\caches\modules-2\files-2.1\org.springframework.boot\spring-boot-starter-test\1.5.20.RELEASE\52c2774ba07063dabd1bc1fa05ab782d2fc6ed1b\spring-boot-starter-test-1.5.20.RELEASE.jar;F:\.gradle\caches\modules-2\files-2.1\org.springframework.boot\spring-boot-starter\1.5.20.RELEASE\602a4163289723df91bced7071fab34a06e92360\spring-boot-starter-1.5.20.RELEASE.jar;F:\.gradle\caches\modules-2\files-2.1\org.springframework.boot\spring-boot-starter-tomcat\1.5.20.RELEASE\a52c207f3b0299803adb31b156a83bef3a26151\spring-boot-starter-tomcat-1.5.20.RELEASE.jar;F:\.gradle\caches\modules-2\files-2.1\org.hibernate\hibernate-validator\5.3.6.Final\4c730be8bf55a8e9a61e79a2f2c079abf48b718\hibernate-validator-5.3.6.Final.jar;F:\.gradle\caches\modules-2\files-2.1\com.fasterxml.jackson.core\jackson-databind\2.8.11.3\844df5aba5a1a56e00905b165b12bb34116ee858\jackson-databind-2.8.11.3.jar;F:\.gradle\caches\modules-2\files-2.1\org.springframework\spring-web\4.3.23.RELEASE\7690431d7f2175a8a825997b38d1433560d1a434\spring-web-4.3.23.RELEASE.jar;F:\.gradle\caches\modules-2\files-2.1\org.springframework\spring-webmvc\4.3.23.RELEASE\6d42a48caf307b1a57cec4c02549537b55073f18\spring-webmvc-4.3.23.RELEASE.jar;F:\.gradle\caches\modules-2\files-2.1\org.springframework.boot\spring-boot-test\1.5.20.RELEASE\59922573f51a2ddabe1759c177a149ca9efbae93\spring-boot-test-1.5.20.RELEASE.jar;F:\.gradle\caches\modules-2\files-2.1\org.springframework.boot\spring-boot-test-autoconfigure\1.5.20.RELEASE\f8cad2caf39810473a77361fff3aa274b4cf6ad1\spring-boot-test-autoconfigure-1.5.20.RELEASE.jar;F:\.gradle\caches\modules-2\files-2.1\com.jayway.jsonpath\json-path\2.2.0\22290d17944bd239fabf5ac69005a60a7ecbbbcb\json-path-2.2.0.jar;F:\.gradle\caches\modules-2\files-2.1\junit\junit\4.12\2973d150c0dc1fefe998f834810d68f278ea58ec\junit-4.12.jar;F:\.gradle\caches\modules-2\files-2.1\org.assertj\assertj-core\2.6.0\b532c3fc4f66bcfee4989a3514f1cd56203a33ad\assertj-core-2.6.0.jar;F:\.gradle\caches\modules-2\files-2.1\org.mockito\mockito-core\1.10.19\e8546f5bef4e061d8dd73895b4e8f40e3fe6effe\mockito-core-1.10.19.jar;F:\.gradle\caches\modules-2\files-2.1\org.hamcrest\hamcrest-core\1.3\42a25dc3219429f0e5d060061f71acb49bf010a0\hamcrest-core-1.3.jar;F:\.gradle\caches\modules-2\files-2.1\org.hamcrest\hamcrest-library\1.3\4785a3c21320980282f9f33d0d1264a69040538f\hamcrest-library-1.3.jar;F:\.gradle\caches\modules-2\files-2.1\org.skyscreamer\jsonassert\1.4.0\9cdbb373a06f6513e51e8c545ee6a5e981463edb\jsonassert-1.4.0.jar;F:\.gradle\caches\modules-2\files-2.1\org.springframework\spring-core\4.3.23.RELEASE\1481429d44ea0deca1d8b9d6d5e948cb7f063bdb\spring-core-4.3.23.RELEASE.jar;F:\.gradle\caches\modules-2\files-2.1\org.springframework\spring-test\4.3.23.RELEASE\fb5a41e62dc86ca11f666691e13ea0b5573f20b4\spring-test-4.3.23.RELEASE.jar;F:\.gradle\caches\modules-2\files-2.1\org.springframework.boot\spring-boot\1.5.20.RELEASE\84bee8c6db49062055258bdb156d0b7e5c09e166\spring-boot-1.5.20.RELEASE.jar;F:\.gradle\caches\modules-2\files-2.1\org.springframework.boot\spring-boot-autoconfigure\1.5.20.RELEASE\a122b1c774b79d3ae87c68d5aade34dee29d31a7\spring-boot-autoconfigure-1.5.20.RELEASE.jar;F:\.gradle\caches\modules-2\files-2.1\org.springframework.boot\spring-boot-starter-logging\1.5.20.RELEASE\523dc4417bb4f1c2aec4ba206ea699e027db9a8c\spring-boot-starter-logging-1.5.20.RELEASE.jar;F:\.gradle\caches\modules-2\files-2.1\org.yaml\snakeyaml\1.17\7a27ea250c5130b2922b86dea63cbb1cc10a660c\snakeyaml-1.17.jar;F:\.gradle\caches\modules-2\files-2.1\org.apache.tomcat.embed\tomcat-embed-core\8.5.39\4d9de8c6e2894e290e8563c44c650f3ea71266db\tomcat-embed-core-8.5.39.jar;F:\.gradle\caches\modules-2\files-2.1\org.apache.tomcat.embed\tomcat-embed-el\8.5.39\a2179cbbcfeaa9a2321f34f086ad8b5682137bdd\tomcat-embed-el-8.5.39.jar;F:\.gradle\caches\modules-2\files-2.1\org.apache.tomcat.embed\tomcat-embed-websocket\8.5.39\ef8346273e26fa014c4c1be7cdfc945de312c5e\tomcat-embed-websocket-8.5.39.jar;F:\.gradle\caches\modules-2\files-2.1\javax.validation\validation-api\1.1.0.Final\8613ae82954779d518631e05daa73a6a954817d5\validation-api-1.1.0.Final.jar;F:\.gradle\caches\modules-2\files-2.1\org.jboss.logging\jboss-logging\3.3.2.Final\3789d00e859632e6c6206adc0c71625559e6e3b0\jboss-logging-3.3.2.Final.jar;F:\.gradle\caches\modules-2\files-2.1\com.fasterxml\classmate\1.3.4\3d5f48f10bbe4eb7bd862f10c0583be2e0053c6\classmate-1.3.4.jar;F:\.gradle\caches\modules-2\files-2.1\com.fasterxml.jackson.core\jackson-annotations\2.8.0\45b426f7796b741035581a176744d91090e2e6fb\jackson-annotations-2.8.0.jar;F:\.gradle\caches\modules-2\files-2.1\com.fasterxml.jackson.core\jackson-core\2.8.11\876ead1db19f0c9e79c9789273a3ef8c6fd6c29b\jackson-core-2.8.11.jar;F:\.gradle\caches\modules-2\files-2.1\org.springframework\spring-aop\4.3.23.RELEASE\f49489bf0774db690f85588cab86d943069704bd\spring-aop-4.3.23.RELEASE.jar;F:\.gradle\caches\modules-2\files-2.1\org.springframework\spring-beans\4.3.23.RELEASE\27570e1d493f636c910191004f822e756a9df871\spring-beans-4.3.23.RELEASE.jar;F:\.gradle\caches\modules-2\files-2.1\org.springframework\spring-context\4.3.23.RELEASE\337d1030cb7abeeb28618b01dab7250a90d77151\spring-context-4.3.23.RELEASE.jar;F:\.gradle\caches\modules-2\files-2.1\org.springframework\spring-expression\4.3.23.RELEASE\cebdf400b3c820220deb868a84bce627eb8ad18c\spring-expression-4.3.23.RELEASE.jar;F:\.gradle\caches\modules-2\files-2.1\net.minidev\json-smart\2.2.1\5b9e5df7a62d1279b70dc882b041d249c4f0b002\json-smart-2.2.1.jar;F:\.gradle\caches\modules-2\files-2.1\org.slf4j\slf4j-api\1.7.26\77100a62c2e6f04b53977b9f541044d7d722693d\slf4j-api-1.7.26.jar;F:\.gradle\caches\modules-2\files-2.1\org.objenesis\objenesis\2.1\87c0ea803b69252868d09308b4618f766f135a96\objenesis-2.1.jar;F:\.gradle\caches\modules-2\files-2.1\com.vaadin.external.google\android-json\0.0.20131108.vaadin1\fa26d351fe62a6a17f5cda1287c1c6110dec413f\android-json-0.0.20131108.vaadin1.jar;F:\.gradle\caches\modules-2\files-2.1\ch.qos.logback\logback-classic\1.1.11\ccedfbacef4a6515d2983e3f89ed753d5d4fb665\logback-classic-1.1.11.jar;F:\.gradle\caches\modules-2\files-2.1\org.slf4j\jcl-over-slf4j\1.7.26\33fbc2d93de829fa5e263c5ce97f5eab8f57d53e\jcl-over-slf4j-1.7.26.jar;F:\.gradle\caches\modules-2\files-2.1\org.slf4j\jul-to-slf4j\1.7.26\8031352b2bb0a49e67818bf04c027aa92e645d5c\jul-to-slf4j-1.7.26.jar;F:\.gradle\caches\modules-2\files-2.1\org.slf4j\log4j-over-slf4j\1.7.26\daeb21c5e35d77d550e721c4cf5aaa716496d31a\log4j-over-slf4j-1.7.26.jar;F:\.gradle\caches\modules-2\files-2.1\org.apache.tomcat\tomcat-annotations-api\8.5.39\3f412a04b152e2837f783079661b85f1af640dbf\tomcat-annotations-api-8.5.39.jar;F:\.gradle\caches\modules-2\files-2.1\net.minidev\accessors-smart\1.1\a527213f2fea112a04c9bdf0ec0264e34104cd08\accessors-smart-1.1.jar;F:\.gradle\caches\modules-2\files-2.1\ch.qos.logback\logback-core\1.1.11\88b8df40340eed549fb07e2613879bf6b006704d\logback-core-1.1.11.jar;F:\.gradle\caches\modules-2\files-2.1\org.ow2.asm\asm\5.0.3\dcc2193db20e19e1feca8b1240dbbc4e190824fa\asm-5.0.3.jar, user.name=CHENG, java.vm.specification.version=1.8, sun.java.command=worker.org.gradle.process.internal.worker.GradleWorkerMain 'Gradle Test Executor 1', java.home=C:\Program Files\Java\jdk1.8.0_181\jre, sun.arch.data.model=64, user.language=zh, java.specification.vendor=Oracle Corporation, awt.toolkit=sun.awt.windows.WToolkit, java.vm.info=mixed mode, java.version=1.8.0_181, java.ext.dirs=C:\Program Files\Java\jdk1.8.0_181\jre\lib\ext;C:\Windows\Sun\Java\lib\ext, sun.boot.class.path=C:\Program Files\Java\jdk1.8.0_181\jre\lib\resources.jar;C:\Program Files\Java\jdk1.8.0_181\jre\lib\rt.jar;C:\Program Files\Java\jdk1.8.0_181\jre\lib\sunrsasign.jar;C:\Program Files\Java\jdk1.8.0_181\jre\lib\jsse.jar;C:\Program Files\Java\jdk1.8.0_181\jre\lib\jce.jar;C:\Program Files\Java\jdk1.8.0_181\jre\lib\charsets.jar;C:\Program Files\Java\jdk1.8.0_181\jre\lib\jfr.jar;C:\Program Files\Java\jdk1.8.0_181\jre\classes, java.vendor=Oracle Corporation, org.gradle.test.worker=1, file.separator=\, java.vendor.url.bug=http://bugreport.sun.com/bugreport/, sun.io.unicode.encoding=UnicodeLittle, sun.cpu.endian=little, sun.desktop=windows, sun.cpu.isalist=amd64}}, SystemEnvironmentPropertySource@1483738451 {name='systemEnvironment', properties={USERDOMAIN_ROAMINGPROFILE=DESKTOP-204E5SC, LOCALAPPDATA=C:\Users\CHENG\AppData\Local, MSMPI_BIN=C:\Program Files\Microsoft MPI\Bin\, PROCESSOR_LEVEL=6, USERDOMAIN=DESKTOP-204E5SC, LOGONSERVER=\\DESKTOP-204E5SC, JAVA_HOME=C:\Program Files\Java\jdk1.8.0_181, SESSIONNAME=Console, ALLUSERSPROFILE=C:\ProgramData, PROCESSOR_ARCHITECTURE=AMD64, PSModulePath=C:\Program Files\WindowsPowerShell\Modules;C:\Windows\system32\WindowsPowerShell\v1.0\Modules;F:\SQL\共享目录\140\Tools\PowerShell\Modules\, SystemDrive=C:, CATALINA_BASE=C:\Program Files\Tomcat, OneDrive=C:\Users\CHENG\OneDrive, APPDATA=C:\Users\CHENG\AppData\Roaming, USERNAME=CHENG, TOMCAT_HOME=C:\Program Files\Tomcat, ProgramFiles(x86)=C:\Program Files (x86), CommonProgramFiles=C:\Program Files\Common Files, Path=C:\Program Files\Microsoft MPI\Bin\;C:\Program Files (x86)\Common Files\Oracle\Java\javapath;C:\ProgramData\Oracle\Java\javapath;C:\Windows\system32;C:\Windows;C:\Windows\System32\Wbem;C:\Windows\System32\WindowsPowerShell\v1.0\;C:\Windows\System32\OpenSSH\;E:\vs code\Microsoft VS Code\bin;％JAVA_HOME％\bin;％;AVA_HOME％\jre1.8.0_181\bin;;CATALINA_HOME％\bin;;:\SQL\共享目录\140\Tools\Binn\;F:\;QL\功能目录\140\Tools\Binn\;F:\;QL\共享目录\140\DTS\Binn\;F:\;QL\功能目录\140\DTS\Binn\;F:\;QL\功能目录\Client SDK\ODBC\130\Tools\Binn\;C:\;rogram Files\MySQL\MySQL Utilities 1.6\;E:\GIT\Git\cmd;C:\Program Files\PuTTY\;C:\Users\CHENG\AppData\Local\Programs\Python\Python36\Scripts\;C:\Users\CHENG\AppData\Local\Programs\Python\Python36\;C:\Users\CHENG\AppData\Local\Microsoft\WindowsApps;C:\Program Files\Java\jdk1.8.0_181\bin;C:\Program Files\Java\jre1.8.0_181\bin;"C:\Program Files\Java\jdk1.8.0_181\bin;C:\Program Files\Java\jdk1.8.0_181\jre\bin";E:\ideA\MAVEN\apache-maven-3.6.0\bin;, PATHEXT=.COM;.EXE;.BAT;.CMD;.VBS;.VBE;.JS;.JSE;.WSF;.WSH;.MSC, DriverData=C:\Windows\System32\Drivers\DriverData, OS=Windows_NT, COMPUTERNAME=DESKTOP-204E5SC, CATALINA_HOME=C:\Program Files\Tomcat, PROCESSOR_REVISION=3a09, CommonProgramW6432=C:\Program Files\Common Files, ComSpec=C:\Windows\system32\cmd.exe, ProgramData=C:\ProgramData, CLASS_PATH=.;％CATALINA_HOME％\lib\servlet-api.jar;％JAVA_HOME％\ lib\dt.jar;％JAVA_HOME％\lib\tools.jar, ProgramW6432=C:\Program Files, HOMEPATH=\Users\CHENG, SystemRoot=C:\Windows, TEMP=C:\Users\CHENG\AppData\Local\Temp, HOMEDRIVE=C:, PROCESSOR_IDENTIFIER=Intel64 Family 6 Model 58 Stepping 9, GenuineIntel, USERPROFILE=C:\Users\CHENG, TMP=C:\Users\CHENG\AppData\Local\Temp, M2_HOME=E:\ideA\MAVEN\apache-maven-3.6.0, CommonProgramFiles(x86)=C:\Program Files (x86)\Common Files, ProgramFiles=C:\Program Files, PUBLIC=C:\Users\Public, NUMBER_OF_PROCESSORS=8, windir=C:\Windows, =::=::\}}]
19:28:27.823 [Test worker] DEBUG org.springframework.core.env.MutablePropertySources - Adding PropertySource 'inline' with highest search precedence
19:28:27.832 [Test worker] DEBUG org.springframework.test.context.support.TestPropertySourceUtils - Adding inlined properties to environment: {spring.jmx.enabled=false, org.springframework.boot.test.context.SpringBootTestContextBootstrapper=true, server.port=-1}
19:28:27.833 [Test worker] DEBUG org.springframework.core.env.StandardEnvironment - Adding PropertySource 'Inlined Test Properties' with highest search precedence

  .   ____          _            __ _ _
 /\\ / ___'_ __ _ _(_)_ __  __ _ \ \ \ \
( ( )\___ | '_ | '_| | '_ \/ _` | \ \ \ \
 \\/  ___)| |_)| | | | | || (_| |  ) ) ) )
  '  |____| .__|_| |_|_| |_\__, | / / / /
 =========|_|==============|___/=/_/_/_/
 :: Spring Boot ::       (v1.5.20.RELEASE)

2019-04-09 19:28:28.138  INFO 252588 --- [    Test worker] .s.b.b.i.InitializrStartApplicationTests : Starting InitializrStartApplicationTests on DESKTOP-204E5SC with PID 252588 (started by CHENG in E:\spring\initializr-start\initializr-start)
2019-04-09 19:28:28.140  INFO 252588 --- [    Test worker] .s.b.b.i.InitializrStartApplicationTests : No active profile set, falling back to default profiles: default
2019-04-09 19:28:28.188  INFO 252588 --- [    Test worker] o.s.w.c.s.GenericWebApplicationContext   : Refreshing org.springframework.web.context.support.GenericWebApplicationContext@2250f340: startup date [Tue Apr 09 19:28:28 CST 2019]; root of context hierarchy
2019-04-09 19:28:29.712  INFO 252588 --- [    Test worker] s.w.s.m.m.a.RequestMappingHandlerAdapter : Looking for @ControllerAdvice: org.springframework.web.context.support.GenericWebApplicationContext@2250f340: startup date [Tue Apr 09 19:28:28 CST 2019]; root of context hierarchy
2019-04-09 19:28:29.785  INFO 252588 --- [    Test worker] s.w.s.m.m.a.RequestMappingHandlerMapping : Mapped "{[/error]}" onto public org.springframework.http.ResponseEntity<java.util.Map<java.lang.String, java.lang.Object>> org.springframework.boot.autoconfigure.web.BasicErrorController.error(javax.servlet.http.HttpServletRequest)
2019-04-09 19:28:29.786  INFO 252588 --- [    Test worker] s.w.s.m.m.a.RequestMappingHandlerMapping : Mapped "{[/error],produces=[text/html]}" onto public org.springframework.web.servlet.ModelAndView org.springframework.boot.autoconfigure.web.BasicErrorController.errorHtml(javax.servlet.http.HttpServletRequest,javax.servlet.http.HttpServletResponse)
2019-04-09 19:28:29.822  INFO 252588 --- [    Test worker] o.s.w.s.handler.SimpleUrlHandlerMapping  : Mapped URL path [/webjars/**] onto handler of type [class org.springframework.web.servlet.resource.ResourceHttpRequestHandler]
2019-04-09 19:28:29.822  INFO 252588 --- [    Test worker] o.s.w.s.handler.SimpleUrlHandlerMapping  : Mapped URL path [/**] onto handler of type [class org.springframework.web.servlet.resource.ResourceHttpRequestHandler]
2019-04-09 19:28:29.871  INFO 252588 --- [    Test worker] o.s.w.s.handler.SimpleUrlHandlerMapping  : Mapped URL path [/**/favicon.ico] onto handler of type [class org.springframework.web.servlet.resource.ResourceHttpRequestHandler]
2019-04-09 19:28:30.168  INFO 252588 --- [    Test worker] .s.b.b.i.InitializrStartApplicationTests : Started InitializrStartApplicationTests in 2.324 seconds (JVM running for 3.608)
]]></system-out>
  <system-err><![CDATA[]]></system-err>
</testsuite>
